INFO: [VRFC 10-163] Analyzing VHDL file "C:/altera/13.1/MSIB/vivado/LEDFanPin/KV260-TEMP-CONTROL-main/projectFPGA.gen/sources_1/bd/zynq/ip/zynq_proc_sys_reset_1_0/sim/zynq_proc_sys_reset_1_0.vhd" into library xil_defaultlib
INFO: [VRFC 10-3107] analyzing entity 'zynq_proc_sys_reset_1_0'
INFO: [VRFC 10-163] Analyzing VHDL file "C:/altera/13.1/MSIB/vivado/LEDFanPin/KV260-TEMP-CONTROL-main/projectFPGA.gen/sources_1/bd/zynq/ip/zynq_axi_intc_0_0/sim/zynq_axi_intc_0_0.vhd" into library xil_defaultlib
INFO: [VRFC 10-3107] analyzing entity 'zynq_axi_intc_0_0'
INFO: [VRFC 10-163] Analyzing VHDL file "C:/altera/13.1/MSIB/vivado/LEDFanPin/KV260-TEMP-CONTROL-main/projectFPGA.gen/sources_1/bd/zynq/ip/zynq_system_management_wiz_0_0/proc_common_v3_00_a/hdl/src/vhdl/zynq_system_management_wiz_0_0_conv_funs_pkg.vhd" into library xil_defaultlib
INFO: [VRFC 10-163] Analyzing VHDL file "C:/altera/13.1/MSIB/vivado/LEDFanPin/KV260-TEMP-CONTROL-main/projectFPGA.gen/sources_1/bd/zynq/ip/zynq_system_management_wiz_0_0/proc_common_v3_00_a/hdl/src/vhdl/common_types_pkg.vhd" into library xil_defaultlib
INFO: [VRFC 10-163] Analyzing VHDL file "C:/altera/13.1/MSIB/vivado/LEDFanPin/KV260-TEMP-CONTROL-main/projectFPGA.gen/sources_1/bd/zynq/ip/zynq_system_management_wiz_0_0/proc_common_v3_00_a/hdl/src/vhdl/zynq_system_management_wiz_0_0_proc_common_pkg.vhd" into library xil_defaultlib
INFO: [VRFC 10-163] Analyzing VHDL file "C:/altera/13.1/MSIB/vivado/LEDFanPin/KV260-TEMP-CONTROL-main/projectFPGA.gen/sources_1/bd/zynq/ip/zynq_system_management_wiz_0_0/proc_common_v3_00_a/hdl/src/vhdl/zynq_system_management_wiz_0_0_ipif_pkg.vhd" into library xil_defaultlib
INFO: [VRFC 10-163] Analyzing VHDL file "C:/altera/13.1/MSIB/vivado/LEDFanPin/KV260-TEMP-CONTROL-main/projectFPGA.gen/sources_1/bd/zynq/ip/zynq_system_management_wiz_0_0/proc_common_v3_00_a/hdl/src/vhdl/zynq_system_management_wiz_0_0_family_support.vhd" into library xil_defaultlib
INFO: [VRFC 10-163] Analyzing VHDL file "C:/altera/13.1/MSIB/vivado/LEDFanPin/KV260-TEMP-CONTROL-main/projectFPGA.gen/sources_1/bd/zynq/ip/zynq_system_management_wiz_0_0/proc_common_v3_00_a/hdl/src/vhdl/zynq_system_management_wiz_0_0_family.vhd" into library xil_defaultlib
INFO: [VRFC 10-163] Analyzing VHDL file "C:/altera/13.1/MSIB/vivado/LEDFanPin/KV260-TEMP-CONTROL-main/projectFPGA.gen/sources_1/bd/zynq/ip/zynq_system_management_wiz_0_0/proc_common_v3_00_a/hdl/src/vhdl/zynq_system_management_wiz_0_0_soft_reset.vhd" into library xil_defaultlib
INFO: [VRFC 10-3107] analyzing entity 'zynq_system_management_wiz_0_0_soft_reset'
INFO: [VRFC 10-163] Analyzing VHDL file "C:/altera/13.1/MSIB/vivado/LEDFanPin/KV260-TEMP-CONTROL-main/projectFPGA.gen/sources_1/bd/zynq/ip/zynq_system_management_wiz_0_0/proc_common_v3_00_a/hdl/src/vhdl/zynq_system_management_wiz_0_0_pselect_f.vhd" into library xil_defaultlib
INFO: [VRFC 10-3107] analyzing entity 'zynq_system_management_wiz_0_0_pselect_f'
INFO: [VRFC 10-163] Analyzing VHDL file "C:/altera/13.1/MSIB/vivado/LEDFanPin/KV260-TEMP-CONTROL-main/projectFPGA.gen/sources_1/bd/zynq/ip/zynq_system_management_wiz_0_0/axi_lite_ipif_v1_31_a/hdl/src/vhdl/zynq_system_management_wiz_0_0_address_decoder.vhd" into library xil_defaultlib
INFO: [VRFC 10-3107] analyzing entity 'zynq_system_management_wiz_0_0_address_decoder'
INFO: [VRFC 10-163] Analyzing VHDL file "C:/altera/13.1/MSIB/vivado/LEDFanPin/KV260-TEMP-CONTROL-main/projectFPGA.gen/sources_1/bd/zynq/ip/zynq_system_management_wiz_0_0/axi_lite_ipif_v1_31_a/hdl/src/vhdl/zynq_system_management_wiz_0_0_slave_attachment.vhd" into library xil_defaultlib
INFO: [VRFC 10-3107] analyzing entity 'zynq_system_management_wiz_0_0_slave_attachment'
INFO: [VRFC 10-163] Analyzing VHDL file "C:/altera/13.1/MSIB/vivado/LEDFanPin/KV260-TEMP-CONTROL-main/projectFPGA.gen/sources_1/bd/zynq/ip/zynq_system_management_wiz_0_0/interrupt_control_v2_01_a/hdl/src/vhdl/zynq_system_management_wiz_0_0_interrupt_control.vhd" into library xil_defaultlib
INFO: [VRFC 10-3107] analyzing entity 'zynq_system_management_wiz_0_0_interrupt_control'
INFO: [VRFC 10-163] Analyzing VHDL file "C:/altera/13.1/MSIB/vivado/LEDFanPin/KV260-TEMP-CONTROL-main/projectFPGA.gen/sources_1/bd/zynq/ip/zynq_system_management_wiz_0_0/axi_lite_ipif_v1_31_a/hdl/src/vhdl/zynq_system_management_wiz_0_0_axi_lite_ipif.vhd" into library xil_defaultlib
INFO: [VRFC 10-3107] analyzing entity 'zynq_system_management_wiz_0_0_axi_lite_ipif'
INFO: [VRFC 10-163] Analyzing VHDL file "C:/altera/13.1/MSIB/vivado/LEDFanPin/KV260-TEMP-CONTROL-main/projectFPGA.gen/sources_1/bd/zynq/ip/zynq_system_management_wiz_0_0/zynq_system_management_wiz_0_0_drp_arbiter.vhd" into library xil_defaultlib
INFO: [VRFC 10-3107] analyzing entity 'drp_arbiter'
INFO: [VRFC 10-163] Analyzing VHDL file "C:/altera/13.1/MSIB/vivado/LEDFanPin/KV260-TEMP-CONTROL-main/projectFPGA.gen/sources_1/bd/zynq/ip/zynq_system_management_wiz_0_0/zynq_system_management_wiz_0_0_temperature_update.vhd" into library xil_defaultlib
INFO: [VRFC 10-3107] analyzing entity 'temperature_update'
INFO: [VRFC 10-163] Analyzing VHDL file "C:/altera/13.1/MSIB/vivado/LEDFanPin/KV260-TEMP-CONTROL-main/projectFPGA.gen/sources_1/bd/zynq/ip/zynq_system_management_wiz_0_0/zynq_system_management_wiz_0_0_xadc_core_drp.vhd" into library xil_defaultlib
INFO: [VRFC 10-3107] analyzing entity 'zynq_system_management_wiz_0_0_xadc_core_drp'
INFO: [VRFC 10-163] Analyzing VHDL file "C:/altera/13.1/MSIB/vivado/LEDFanPin/KV260-TEMP-CONTROL-main/projectFPGA.gen/sources_1/bd/zynq/ip/zynq_system_management_wiz_0_0/zynq_system_management_wiz_0_0_axi_xadc.vhd" into library xil_defaultlib
INFO: [VRFC 10-3107] analyzing entity 'zynq_system_management_wiz_0_0_axi_xadc'
